<?xml version="1.0" encoding="UTF-8"?>
<!-- Generated by org.testng.reporters.JUnitReportReporter -->
<testsuite hostname="DESKTOP-F8PE7CG" failures="0" tests="1" name="com.TestNG__class01.hw2" time="10.831" errors="0" timestamp="2020-05-25T00:49:02 EDT" skipped="0">
  <testcase classname="com.TestNG__class01.hw2" name="validLogin" time="10.831"/>
  <system-out/>
</testsuite> <!-- com.TestNG__class01.hw2 -->
