<?xml version="1.0" encoding="UTF-8"?>
<!-- Generated by org.testng.reporters.JUnitReportReporter -->
<testsuite hostname="DESKTOP-F8PE7CG" failures="0" tests="1" name="com.TestNG__class01.hw1" time="12.783" errors="0" timestamp="2020-05-25T00:43:44 EDT" skipped="0">
  <testcase classname="com.TestNG__class01.hw1" name="validLogin" time="12.783"/>
  <system-out/>
</testsuite> <!-- com.TestNG__class01.hw1 -->
