<?xml version="1.0" encoding="UTF-8"?>
<!-- Generated by org.testng.reporters.JUnitReportReporter -->
<testsuite hostname="DESKTOP-F8PE7CG" failures="0" tests="3" name="com.TestNG__class01.TaskTwo" time="0.008" errors="0" timestamp="2020-05-24T23:47:37 EDT" skipped="0">
  <testcase classname="com.TestNG__class01.TaskTwo" name="test2" time="0.001"/>
  <system-out/>
  <testcase classname="com.TestNG__class01.TaskTwo" name="test3" time="0.000"/>
  <system-out/>
  <testcase classname="com.TestNG__class01.TaskTwo" name="test1" time="0.007"/>
  <system-out/>
</testsuite> <!-- com.TestNG__class01.TaskTwo -->
