<?xml version="1.0" encoding="UTF-8"?>
<!-- Generated by org.testng.reporters.JUnitReportReporter -->
<testsuite hostname="DESKTOP-F8PE7CG" failures="0" tests="1" name="com.TestNG__class05__Asel.Recap" time="0.007" errors="0" timestamp="2020-05-30T10:50:07 EDT" skipped="0">
  <testcase classname="com.TestNG__class05__Asel.Recap" name="arrayRecap" time="0.007"/>
  <system-out/>
</testsuite> <!-- com.TestNG__class05__Asel.Recap -->
