<?xml version="1.0" encoding="UTF-8"?>
<!-- Generated by org.testng.reporters.JUnitReportReporter -->
<testsuite hostname="DESKTOP-F8PE7CG" failures="0" tests="1" name="com.TestNGclass01.DifferentAnnotations" time="0.007" errors="0" timestamp="2020-05-19T19:48:25 EDT" skipped="0">
  <testcase classname="com.TestNGclass01.DifferentAnnotations" name="test" time="0.007"/>
  <system-out/>
</testsuite> <!-- com.TestNGclass01.DifferentAnnotations -->
