<?xml version="1.0" encoding="UTF-8"?>
<!-- Generated by org.testng.reporters.JUnitReportReporter -->
<testsuite hostname="DESKTOP-F8PE7CG" failures="0" tests="3" name="com.TestNG__class01.TestNGDemo" time="0.009" errors="0" timestamp="2020-05-26T17:00:15 EDT" skipped="0">
  <testcase classname="com.TestNG__class01.TestNGDemo" name="testThree" time="0.001"/>
  <system-out/>
  <testcase classname="com.TestNG__class01.TestNGDemo" name="testOne" time="0.007"/>
  <system-out/>
  <testcase classname="com.TestNG__class01.TestNGDemo" name="testTwo" time="0.001"/>
  <system-out/>
</testsuite> <!-- com.TestNG__class01.TestNGDemo -->
