<?xml version="1.0" encoding="UTF-8"?>
<!-- Generated by org.testng.reporters.JUnitReportReporter -->
<testsuite hostname="DESKTOP-F8PE7CG" failures="0" tests="3" name="com.test.LoginTest" time="18.157" errors="0" timestamp="2020-05-26T18:23:34 EDT" skipped="0">
  <testcase classname="com.test.LoginTest" name="validAdminLogin" time="6.882"/>
  <system-out/>
  <testcase classname="com.test.LoginTest" name="invalidPasswordLogin" time="6.201"/>
  <system-out/>
  <testcase classname="com.test.LoginTest" name="emptyUsernameLogin" time="5.074"/>
  <system-out/>
</testsuite> <!-- com.test.LoginTest -->
